0 info it worked if it ends with ok
1 verbose cli [ '/usr/local/bin/node',
1 verbose cli   '/usr/local/lib/node_modules/tnpm/node_modules/npm/bin/npm-cli.js',
1 verbose cli   '--cache=/Users/furture/.tnpm',
1 verbose cli   '--node_sqlite3_binary_host_mirror=https://npm.taobao.org/mirrors/',
1 verbose cli   '--fse_binary_host_mirror=https://npm.taobao.org/mirrors/fsevents/',
1 verbose cli   '--tmp=/Users/furture/.tnpm_tmp',
1 verbose cli   '--progress=false',
1 verbose cli   '--no-proxy',
1 verbose cli   '--disturl=https://npm.taobao.org/mirrors/node',
1 verbose cli   '--userconfig=/Users/furture/.tnpmrc',
1 verbose cli   '--registry=http://registry.npm.alibaba-inc.com',
1 verbose cli   'start' ]
2 info using npm@3.10.5
3 info using node@v6.2.0
4 verbose stack Error: ENOENT: no such file or directory, open '/Users/furture/code/trylearn/svg/package.json'
4 verbose stack     at Error (native)
5 verbose cwd /Users/furture/code/trylearn/svg
6 error Darwin 15.5.0
7 error argv "/usr/local/bin/node" "/usr/local/lib/node_modules/tnpm/node_modules/npm/bin/npm-cli.js" "--cache=/Users/furture/.tnpm" "--node_sqlite3_binary_host_mirror=https://npm.taobao.org/mirrors/" "--fse_binary_host_mirror=https://npm.taobao.org/mirrors/fsevents/" "--tmp=/Users/furture/.tnpm_tmp" "--progress=false" "--no-proxy" "--disturl=https://npm.taobao.org/mirrors/node" "--userconfig=/Users/furture/.tnpmrc" "--registry=http://registry.npm.alibaba-inc.com" "start"
8 error node v6.2.0
9 error npm  v3.10.5
10 error path /Users/furture/code/trylearn/svg/package.json
11 error code ENOENT
12 error errno -2
13 error syscall open
14 error enoent ENOENT: no such file or directory, open '/Users/furture/code/trylearn/svg/package.json'
15 error enoent ENOENT: no such file or directory, open '/Users/furture/code/trylearn/svg/package.json'
15 error enoent This is most likely not a problem with npm itself
15 error enoent and is related to npm not being able to find a file.
16 verbose exit [ -2, true ]
